"R.version.3.6.1..2019.07.05."
"Platform: x86_64-w64-mingw32/x64 (64-bit)"
"Running under: Windows >= 8 x64 (build 9200)"
"Matrix products: default"
"Random number generation:"
" RNG:     Mersenne-Twister "
" Normal:  Inversion "
" Sample:  Rounding "
" "
"locale:"
"[1] LC_COLLATE=English_United States.1252  LC_CTYPE=English_United States.1252    LC_MONETARY=English_United States.1252"
"[4] LC_NUMERIC=C                           LC_TIME=English_United States.1252    "
"attached base packages:"
"[1] stats     graphics  grDevices utils     datasets  methods   base     "
"other attached packages:"
"[1] MSstats_3.18.5"
"loaded via a namespace (and not attached):"
" [1] ggrepel_0.8.2         Rcpp_1.0.3            lattice_0.20-38       tidyr_1.0.2           snow_0.4-3           "
" [6] gtools_3.8.2          assertthat_0.2.1      digest_0.6.25         foreach_1.5.0         R6_2.4.1             "
"[11] plyr_1.8.6            backports_1.1.5       ggplot2_3.3.0         pillar_1.4.3          gplots_3.0.3         "
"[16] rlang_0.4.5           rstudioapi_0.11       minqa_1.2.4           data.table_1.12.8     gdata_2.18.0         "
"[21] nloptr_1.2.1          Matrix_1.2-17         preprocessCore_1.48.0 labeling_0.3          splines_3.6.1        "
"[26] lme4_1.1-21           statmod_1.4.34        stringr_1.4.0         munsell_0.5.0         broom_0.5.5          "
"[31] compiler_3.6.1        xfun_0.12             pkgconfig_2.0.3       marray_1.64.0         doSNOW_1.0.18        "
"[36] tidyselect_1.0.0      tibble_3.0.0          codetools_0.2-16      fansi_0.4.1           crayon_1.3.4         "
"[41] dplyr_0.8.5           MASS_7.3-51.4         bitops_1.0-6          grid_3.6.1            nlme_3.1-140         "
"[46] gtable_0.3.0          lifecycle_0.2.0       magrittr_1.5          scales_1.1.0          KernSmooth_2.23-15   "
"[51] cli_2.0.2             stringi_1.4.6         farver_2.0.3          reshape2_1.4.3        limma_3.42.2         "
"[56] ellipsis_0.3.0        generics_0.0.2        vctrs_0.2.4           boot_1.3-22           iterators_1.0.12     "
"[61] tools_3.6.1           glue_1.3.2            purrr_0.3.3           parallel_3.6.1        survival_2.44-1.1    "
"[66] yaml_2.2.0            colorspace_1.4-1      caTools_1.18.0        minpack.lm_1.2-1      knitr_1.28           "
" "
" "
"MSstats - dataProcess function"
" "
"The required input : provided - okay"
"summaryMethod : TMP"
"cutoffCensored : minFeature"
"censoredInt : NA"
"New input format : made new columns for analysis - okay"
"Logarithm transformation: log2 transformation is done - okay"
"fillIncompleteRows = TRUE"
"Incomplete rows for missing peaks are added with intensity values=NA. - done, Okay"
"Balanced data format with NA for missing feature intensities - okay"
"Factorize in columns(GROUP, SUBJECT, GROUP_ORIGINAL, 
	                                  SUBJECT_ORIGINAL, SUBJECT_ORIGINAL_NESTED, FEATURE, RUN) - okay"
"Normalization : Constant normalization (equalize medians) - okay"
"** Log2 endogenous intensities under cutoff = 13.355  were considered as censored missing values."
"** Log2 endogenous intensities = NA were considered as censored missing values."
"** Use all features that the dataset origianally has."
"2 level of Isotope type labeling in this experiment"
"Summary of Features :"
"# of Protein : 7"
"# of Peptides/Protein : 1-2"
"# of Transitions/Peptide : 3-3"
"Summary of Missingness :"
"  # transitions are completely missing in at least one of the conditions : 0"
"  # run with 75% missing observations: 0"
"Processing data for analysis is done. - okay"
"the summarization per subplot is done.- okay : TMP"
" "
" "
"MSstats - groupComparison function"
" "
"labeled = TRUE"
"scopeOfBioReplication = expanded"
"Time course design of experiment - okay"
"Comparisons for all proteins are done.- okay"
"Adjust p-values per comparison are calculated - okay."
"Group comparison is done. - okay"
" "
" "
"MSstats - groupComparison function"
" "
"labeled = TRUE"
"scopeOfBioReplication = expanded"
"Time course design of experiment - okay"
"Comparisons for all proteins are done.- okay"
"Adjust p-values per comparison are calculated - okay."
"Group comparison is done. - okay"
" "
" "
"MSstats - designSampleSize function"
" "
"Desired fold change = 1.05 - 1.25"
"FDR = 0.01"
"Power = 0.95"
"Calculated variance component. - okay"
"The number of sample is calculated. - okay"
